<?xml version="1.0" encoding="UTF-8"?>
<!-- Generated by org.testng.reporters.JUnitXMLReporter -->
<testsuite hostname="Selenium1" ignored="0" name="Gmail" tests="3" failures="0" timestamp="05 May 2021 11:30:28 GMT" time="58.538" errors="0">
  <testcase name="gmail_login" time="19.775" classname="steps.GmailVerifyStep"/>
  <testcase name="contact_form_verify" time="26.563" classname="steps.GmailVerifyStep"/>
  <testcase name="delete_contact_form_email" time="7.638" classname="steps.GmailVerifyStep"/>
</testsuite> <!-- Gmail -->
